05-06-26 14:14 PM - INFO - Browser value is: edge
05-06-26 14:14 PM - INFO - Launching browser
05-06-26 14:14 PM - INFO - Maximizing browser
05-06-26 14:14 PM - INFO - Driver initialized
05-06-26 14:14 PM - INFO - Select depart-from location
05-06-26 14:14 PM - INFO - Select depart-from location
05-06-26 14:14 PM - INFO - Select going-to location
05-06-26 14:14 PM - INFO - Select going-to location
05-06-26 14:14 PM - INFO - Select depart-date
05-06-26 14:14 PM - INFO - Select depart-date
05-06-26 14:14 PM - INFO - Click search button
05-06-26 14:14 PM - INFO - Click search button
05-06-26 14:14 PM - INFO - Click on 1 stop(s) flight result
05-06-26 14:14 PM - INFO - Click on 1 stop(s) flight result
05-06-26 14:14 PM - INFO - Click on 1 stop(s) flight result
05-06-26 14:14 PM - INFO - Click on 1 stop(s) flight result
05-06-26 14:15 PM - INFO - inside page scroll
05-06-26 14:15 PM - INFO - inside page scroll
05-06-26 14:15 PM - INFO - inside page scroll
05-06-26 14:15 PM - INFO - inside page scroll
05-06-26 14:15 PM - INFO - length before scroll: 7131
05-06-26 14:15 PM - INFO - length before scroll: 7131
05-06-26 14:15 PM - INFO - length before scroll: 7131
05-06-26 14:15 PM - INFO - length before scroll: 7131
05-06-26 14:15 PM - INFO - compairing length and scrolling
05-06-26 14:15 PM - INFO - compairing length and scrolling
05-06-26 14:15 PM - INFO - compairing length and scrolling
05-06-26 14:15 PM - INFO - compairing length and scrolling
05-06-26 14:15 PM - INFO - length before scroll: 9135
05-06-26 14:15 PM - INFO - length before scroll: 9135
05-06-26 14:15 PM - INFO - length before scroll: 9135
05-06-26 14:15 PM - INFO - length before scroll: 9135
05-06-26 14:15 PM - INFO - compairing length and scrolling
05-06-26 14:15 PM - INFO - compairing length and scrolling
05-06-26 14:15 PM - INFO - compairing length and scrolling
05-06-26 14:15 PM - INFO - compairing length and scrolling
05-06-26 14:15 PM - INFO - length before scroll: 10380
05-06-26 14:15 PM - INFO - length before scroll: 10380
05-06-26 14:15 PM - INFO - length before scroll: 10380
05-06-26 14:15 PM - INFO - length before scroll: 10380
05-06-26 14:15 PM - INFO - compairing length and scrolling
05-06-26 14:15 PM - INFO - compairing length and scrolling
05-06-26 14:15 PM - INFO - compairing length and scrolling
05-06-26 14:15 PM - INFO - compairing length and scrolling
05-06-26 14:15 PM - INFO - length before scroll: 12048
05-06-26 14:15 PM - INFO - length before scroll: 12048
05-06-26 14:15 PM - INFO - length before scroll: 12048
05-06-26 14:15 PM - INFO - length before scroll: 12048
05-06-26 14:15 PM - INFO - compairing length and scrolling
05-06-26 14:15 PM - INFO - compairing length and scrolling
05-06-26 14:15 PM - INFO - compairing length and scrolling
05-06-26 14:15 PM - INFO - compairing length and scrolling
05-06-26 14:15 PM - INFO - length before scroll: 13664
05-06-26 14:15 PM - INFO - length before scroll: 13664
05-06-26 14:15 PM - INFO - length before scroll: 13664
05-06-26 14:15 PM - INFO - length before scroll: 13664
05-06-26 14:15 PM - INFO - compairing length and scrolling
05-06-26 14:15 PM - INFO - compairing length and scrolling
05-06-26 14:15 PM - INFO - compairing length and scrolling
05-06-26 14:15 PM - INFO - compairing length and scrolling
05-06-26 14:15 PM - INFO - length before scroll: 18337
05-06-26 14:15 PM - INFO - length before scroll: 18337
05-06-26 14:15 PM - INFO - length before scroll: 18337
05-06-26 14:15 PM - INFO - length before scroll: 18337
05-06-26 14:15 PM - INFO - compairing length and scrolling
05-06-26 14:15 PM - INFO - compairing length and scrolling
05-06-26 14:15 PM - INFO - compairing length and scrolling
05-06-26 14:15 PM - INFO - compairing length and scrolling
05-06-26 14:15 PM - INFO - length before scroll: 18635
05-06-26 14:15 PM - INFO - length before scroll: 18635
05-06-26 14:15 PM - INFO - length before scroll: 18635
05-06-26 14:15 PM - INFO - length before scroll: 18635
05-06-26 14:15 PM - INFO - compairing length and scrolling
05-06-26 14:15 PM - INFO - compairing length and scrolling
05-06-26 14:15 PM - INFO - compairing length and scrolling
05-06-26 14:15 PM - INFO - compairing length and scrolling
05-06-26 14:15 PM - INFO - length before scroll: 18668
05-06-26 14:15 PM - INFO - length before scroll: 18668
05-06-26 14:15 PM - INFO - length before scroll: 18668
05-06-26 14:15 PM - INFO - length before scroll: 18668
05-06-26 14:15 PM - INFO - compairing length and scrolling
05-06-26 14:15 PM - INFO - compairing length and scrolling
05-06-26 14:15 PM - INFO - compairing length and scrolling
05-06-26 14:15 PM - INFO - compairing length and scrolling
05-06-26 14:16 PM - INFO - length before scroll: 20354
05-06-26 14:16 PM - INFO - length before scroll: 20354
05-06-26 14:16 PM - INFO - length before scroll: 20354
05-06-26 14:16 PM - INFO - length before scroll: 20354
05-06-26 14:16 PM - INFO - compairing length and scrolling
05-06-26 14:16 PM - INFO - compairing length and scrolling
05-06-26 14:16 PM - INFO - compairing length and scrolling
05-06-26 14:16 PM - INFO - compairing length and scrolling
05-06-26 14:16 PM - INFO - length before scroll: 22058
05-06-26 14:16 PM - INFO - length before scroll: 22058
05-06-26 14:16 PM - INFO - length before scroll: 22058
05-06-26 14:16 PM - INFO - length before scroll: 22058
05-06-26 14:16 PM - INFO - compairing length and scrolling
05-06-26 14:16 PM - INFO - compairing length and scrolling
05-06-26 14:16 PM - INFO - compairing length and scrolling
05-06-26 14:16 PM - INFO - compairing length and scrolling
05-06-26 14:16 PM - INFO - length before scroll: 23707
05-06-26 14:16 PM - INFO - length before scroll: 23707
05-06-26 14:16 PM - INFO - length before scroll: 23707
05-06-26 14:16 PM - INFO - length before scroll: 23707
05-06-26 14:16 PM - INFO - compairing length and scrolling
05-06-26 14:16 PM - INFO - compairing length and scrolling
05-06-26 14:16 PM - INFO - compairing length and scrolling
05-06-26 14:16 PM - INFO - compairing length and scrolling
05-06-26 14:16 PM - INFO - length before scroll: 25512
05-06-26 14:16 PM - INFO - length before scroll: 25512
05-06-26 14:16 PM - INFO - length before scroll: 25512
05-06-26 14:16 PM - INFO - length before scroll: 25512
05-06-26 14:16 PM - INFO - compairing length and scrolling
05-06-26 14:16 PM - INFO - compairing length and scrolling
05-06-26 14:16 PM - INFO - compairing length and scrolling
05-06-26 14:16 PM - INFO - compairing length and scrolling
05-06-26 14:16 PM - INFO - length before scroll: 27060
05-06-26 14:16 PM - INFO - length before scroll: 27060
05-06-26 14:16 PM - INFO - length before scroll: 27060
05-06-26 14:16 PM - INFO - length before scroll: 27060
05-06-26 14:16 PM - INFO - compairing length and scrolling
05-06-26 14:16 PM - INFO - compairing length and scrolling
05-06-26 14:16 PM - INFO - compairing length and scrolling
05-06-26 14:16 PM - INFO - compairing length and scrolling
05-06-26 14:16 PM - INFO - length before scroll: 28679
05-06-26 14:16 PM - INFO - length before scroll: 28679
05-06-26 14:16 PM - INFO - length before scroll: 28679
05-06-26 14:16 PM - INFO - length before scroll: 28679
05-06-26 14:16 PM - INFO - compairing length and scrolling
05-06-26 14:16 PM - INFO - compairing length and scrolling
05-06-26 14:16 PM - INFO - compairing length and scrolling
05-06-26 14:16 PM - INFO - compairing length and scrolling
05-06-26 14:16 PM - INFO - length before scroll: 29682
05-06-26 14:16 PM - INFO - length before scroll: 29682
05-06-26 14:16 PM - INFO - length before scroll: 29682
05-06-26 14:16 PM - INFO - length before scroll: 29682
05-06-26 14:16 PM - INFO - compairing length and scrolling
05-06-26 14:16 PM - INFO - compairing length and scrolling
05-06-26 14:16 PM - INFO - compairing length and scrolling
05-06-26 14:16 PM - INFO - compairing length and scrolling
05-06-26 14:16 PM - INFO - Browser closing
